0 1.09861228867 0.1 0.128
1 0.469478402887 0.1 0.128
2 0.42874003167 0.1 0.128
3 0.427462556853 0.082 0.118
4 0.373976170166 0.09 0.126
5 0.394168929893 0.078 0.118
6 0.404077618267 0.084 0.114
7 0.418585388281 0.066 0.102
8 0.495360536665 0.07 0.106
9 0.400435385826 0.052 0.096
10 0.485030144074 0.05 0.088
11 0.342134571708 0.034 0.074
12 0.35616048989 0.042 0.084
13 0.323128859352 0.04 0.086
14 0.339748519645 0.038 0.09
15 0.352610959481 0.032 0.09
16 0.406143288271 0.026 0.078
17 0.318359910151 0.026 0.078
18 0.354480374439 0.022 0.072
19 0.3571093446 0.022 0.082
20 0.33958933848 0.02 0.076
21 0.307679092899 0.022 0.08
22 0.325070615467 0.02 0.08
23 0.340129100623 0.014 0.07
24 0.304967468671 0.014 0.066
25 0.32277630845 0.012 0.068
26 0.291462478787 0.01 0.072
27 0.307032995003 0.012 0.068
28 0.359168287115 0.008 0.074
29 0.320178110657 0.012 0.08
30 0.326637499947 0.006 0.074
31 0.332320150482 0.006 0.07
32 0.360626980009 0.004 0.072
33 0.330241511585 0.008 0.066
34 0.312596064757 0.002 0.078
35 0.326953801739 0.002 0.07
36 0.302110094665 0.0 0.072
37 0.346033195148 0.0 0.07
38 0.348335531819 0.002 0.068
39 0.285509751971 0.0 0.07
40 0.306347435858 0.002 0.068
41 0.292437503405 0.0 0.074
42 0.271581164739 0.002 0.074
43 0.293659737846 0.0 0.07
44 0.296475207313 0.0 0.068
45 0.26744019897 0.0 0.07
46 0.27297817861 0.0 0.062
47 0.275036331599 0.0 0.066
48 0.258187832658 0.0 0.06
49 0.275790832354 0.0 0.068
50 0.285577124002 0.0 0.064
51 0.291423292308 0.0 0.064
52 0.239273230768 0.0 0.068
53 0.287690170342 0.0 0.06
54 0.331150585926 0.0 0.062
55 0.307882576951 0.0 0.062
56 0.292392664761 0.0 0.062
57 0.246131541347 0.0 0.07
58 0.267444168972 0.0 0.072
59 0.268933699447 0.0 0.068
60 0.302925691669 0.0 0.064
61 0.278420561083 0.0 0.07
62 0.319039978177 0.0 0.066
63 0.350720993722 0.0 0.062
64 0.328787362009 0.0 0.06
65 0.284567675249 0.0 0.058
66 0.279216887812 0.0 0.056
67 0.289390287187 0.0 0.064
68 0.263079711325 0.0 0.052
69 0.280224119683 0.0 0.052
70 0.326189239753 0.0 0.046
71 0.266079564818 0.0 0.054
72 0.26404973027 0.0 0.054
73 0.272966314184 0.0 0.054
74 0.264574375761 0.0 0.052
75 0.298988063504 0.0 0.058
76 0.306869720947 0.0 0.05
77 0.322481074901 0.0 0.052
78 0.294983245533 0.0 0.05
79 0.25486109026 0.0 0.054
80 0.270421362341 0.0 0.046
81 0.271213423532 0.0 0.052
82 0.286242052711 0.0 0.05
83 0.267560617445 0.0 0.054
84 0.280685766936 0.0 0.05
85 0.268895596351 0.0 0.058
86 0.284735106617 0.0 0.05
87 0.254834199552 0.0 0.052
88 0.260265265831 0.0 0.044
89 0.283930678999 0.0 0.048
90 0.298065857109 0.0 0.046
91 0.286317763257 0.0 0.052
92 0.27001269615 0.0 0.048
93 0.303355440692 0.0 0.052
94 0.323460511901 0.0 0.044
95 0.273304119525 0.0 0.046
96 0.255007432876 0.0 0.046
97 0.290572345967 0.0 0.046
98 0.294142145349 0.0 0.046
99 0.230167782578 0.0 0.052
100 0.275274045601 0.0 0.05
101 0.254381942846 0.0 0.052
102 0.236614681301 0.0 0.052
103 0.25522526555 0.0 0.056
104 0.240451915159 0.0 0.054
105 0.253743085002 0.0 0.06
106 0.256118357745 0.0 0.056
107 0.283029734982 0.0 0.058
108 0.256531581538 0.0 0.056
109 0.280911287436 0.0 0.056
110 0.257268413684 0.0 0.058
111 0.2656562049 0.0 0.054
112 0.252369861896 0.0 0.06
113 0.242216004456 0.0 0.056
114 0.270459746846 0.0 0.058
115 0.249724070071 0.0 0.062
116 0.229680455853 0.0 0.06
117 0.255701807851 0.0 0.064
118 0.266045847122 0.0 0.058
119 0.250578095235 0.0 0.062
120 0.304363842576 0.0 0.058
121 0.267544782113 0.0 0.06
122 0.323654051031 0.0 0.066
123 0.307805083231 0.0 0.072
124 0.285029334153 0.0 0.064
125 0.314429097352 0.0 0.066
126 0.236870784101 0.0 0.064
127 0.249348183824 0.0 0.066
128 0.261198980491 0.0 0.058
129 0.261574824757 0.0 0.068
130 0.270097326042 0.0 0.056
131 0.292596583494 0.0 0.064
132 0.277495809314 0.0 0.062
133 0.270271758834 0.0 0.064
134 0.244043922992 0.0 0.058
135 0.258706782846 0.0 0.06
136 0.28668951505 0.0 0.056
137 0.243675677149 0.0 0.056
138 0.245417571849 0.0 0.054
139 0.266338684403 0.0 0.06
140 0.288701784418 0.0 0.06
141 0.268012923218 0.0 0.058
142 0.230918286745 0.0 0.06
143 0.30998953204 0.0 0.056
144 0.297227662499 0.0 0.056
145 0.286343077848 0.0 0.058
146 0.238923365248 0.0 0.06
147 0.262521164718 0.0 0.062
148 0.308402397579 0.0 0.064
149 0.265337325364 0.0 0.062
150 0.289380708118 0.0 0.06
151 0.253203500422 0.0 0.062
152 0.264419300066 0.0 0.062
153 0.256663999557 0.0 0.06
154 0.253870822911 0.0 0.064
155 0.250657205637 0.0 0.062
156 0.243444462403 0.0 0.062
157 0.241096608835 0.0 0.066
158 0.263536931539 0.0 0.066
159 0.265219498121 0.0 0.066
160 0.341249391182 0.0 0.066
161 0.25521410985 0.0 0.066
162 0.288741045914 0.0 0.068
163 0.268300259468 0.0 0.064
164 0.298724163947 0.0 0.07
165 0.28303980475 0.0 0.064
166 0.257709679108 0.0 0.07
167 0.263401354414 0.0 0.066
168 0.312255175454 0.0 0.064
169 0.341968525814 0.0 0.066
170 0.2611067357 0.0 0.07
171 0.306350439223 0.0 0.068
172 0.275302182152 0.0 0.068
173 0.264891287958 0.0 0.066
174 0.266164571307 0.0 0.068
175 0.26685818032 0.0 0.066
176 0.258218842939 0.0 0.068
177 0.236410185253 0.0 0.064
178 0.271085149303 0.0 0.062
179 0.258801450395 0.0 0.062
180 0.278813654562 0.0 0.062
181 0.295021567125 0.0 0.064
182 0.247272495046 0.0 0.066
183 0.295668570861 0.0 0.062
184 0.223276506057 0.0 0.054
185 0.25526572971 0.0 0.06
186 0.247027550274 0.0 0.056
187 0.278319339339 0.0 0.064
188 0.235671015188 0.0 0.06
189 0.242184513442 0.0 0.062
190 0.274205070589 0.0 0.06
191 0.305841003332 0.0 0.062
192 0.308464327439 0.0 0.058
193 0.266084355783 0.0 0.064
194 0.270018077029 0.0 0.06
195 0.238486706749 0.0 0.066
196 0.271969710015 0.0 0.064
197 0.256370152559 0.0 0.064
198 0.251970672609 0.0 0.06
199 0.273496750259 0.0 0.062
200 0.262397109962 0.0 0.06
201 0.312091345263 0.0 0.062
202 0.269281707631 0.0 0.058
203 0.295324587832 0.0 0.064
204 0.272783693456 0.0 0.06
205 0.260467011572 0.0 0.064
206 0.2426057499 0.0 0.06
207 0.269697011446 0.0 0.062
208 0.237276263408 0.0 0.058
209 0.243629096232 0.0 0.06
210 0.256874638458 0.0 0.058
211 0.225901739083 0.0 0.062
212 0.236880741481 0.0 0.06
213 0.268893487697 0.0 0.06
214 0.298069072596 0.0 0.06
215 0.247089018581 0.0 0.064
216 0.269855539028 0.0 0.062
217 0.255387617317 0.0 0.06
218 0.2808139783 0.0 0.064
219 0.304989756084 0.0 0.058
220 0.283015575467 0.0 0.064
221 0.258148194701 0.0 0.064
222 0.27120968211 0.0 0.06
223 0.255464728144 0.0 0.066
224 0.313189093732 0.0 0.06
225 0.250162150131 0.0 0.064
226 0.247210918127 0.0 0.062
227 0.255686282048 0.0 0.058
228 0.265479984073 0.0 0.058
229 0.277932233337 0.0 0.062
230 0.306843113571 0.0 0.056
231 0.285115670518 0.0 0.062
232 0.250121950973 0.0 0.06
233 0.253790985831 0.0 0.06
234 0.222418916574 0.0 0.06
235 0.234172217489 0.0 0.058
236 0.234367852488 0.0 0.058
237 0.293897797063 0.0 0.06
238 0.25745002378 0.0 0.056
239 0.247173759762 0.0 0.06
240 0.26790211441 0.0 0.054
241 0.273864281113 0.0 0.06
242 0.275618913699 0.0 0.052
243 0.253711111165 0.0 0.06
244 0.234735129082 0.0 0.056
245 0.268037461807 0.0 0.058
246 0.319700402947 0.0 0.058
247 0.264660043781 0.0 0.056
248 0.304014552939 0.0 0.056
249 0.278918561085 0.0 0.06
250 0.216786438229 0.0 0.058
251 0.228312433693 0.0 0.056
252 0.29400102968 0.0 0.058
253 0.26138289392 0.0 0.056
254 0.262457816561 0.0 0.058
255 0.244463832587 0.0 0.058
256 0.226949442295 0.0 0.058
257 0.259746732975 0.0 0.058
258 0.247255457654 0.0 0.056
259 0.256985665078 0.0 0.058
260 0.263205317358 0.0 0.054
261 0.237157103309 0.0 0.058
262 0.278233107982 0.0 0.054
263 0.259794298872 0.0 0.054
264 0.279118912272 0.0 0.056
265 0.270014724771 0.0 0.05
266 0.236270574944 0.0 0.052
267 0.279015109162 0.0 0.056
268 0.23512567368 0.0 0.056
269 0.2565151134 0.0 0.056
270 0.240144161877 0.0 0.058
271 0.224137116697 0.0 0.054
272 0.236353042394 0.0 0.052
273 0.25840070424 0.0 0.056
274 0.250523154956 0.0 0.052
275 0.254334780953 0.0 0.052
276 0.270804046769 0.0 0.052
277 0.245343895085 0.0 0.054
278 0.236926589867 0.0 0.056
279 0.288619206395 0.0 0.054
280 0.251108341781 0.0 0.052
281 0.224165568655 0.0 0.056
282 0.280371180776 0.0 0.054
283 0.308914345209 0.0 0.058
284 0.253929506126 0.0 0.054
285 0.258960086739 0.0 0.056
286 0.301744003316 0.0 0.056
287 0.259551394856 0.0 0.054
288 0.249873240621 0.0 0.058
289 0.235074890767 0.0 0.056
290 0.25374998862 0.0 0.058
291 0.303198893005 0.0 0.054
292 0.305670127656 0.0 0.054
293 0.260320742812 0.0 0.054
294 0.2844233822 0.0 0.054
295 0.234396663042 0.0 0.054
296 0.240694640549 0.0 0.052
297 0.247162109196 0.0 0.054
298 0.251361669147 0.0 0.054
299 0.273077096564 0.0 0.054
300 0.298591235596 0.0 0.054
301 0.302903560107 0.0 0.056
302 0.240020054374 0.0 0.056
303 0.250946268904 0.0 0.054
304 0.244793875072 0.0 0.056
305 0.253951808138 0.0 0.056
306 0.257874545296 0.0 0.054
307 0.294743852233 0.0 0.058
308 0.278654153315 0.0 0.056
309 0.23709674895 0.0 0.056
310 0.301229061526 0.0 0.052
311 0.248521794415 0.0 0.054
312 0.27877320895 0.0 0.052
313 0.263053026768 0.0 0.056
314 0.252368950284 0.0 0.054
315 0.288500999052 0.0 0.054
316 0.254778753809 0.0 0.054
317 0.252283010738 0.0 0.054
318 0.268669869105 0.0 0.054
319 0.332784928924 0.0 0.05
320 0.269929144144 0.0 0.052
321 0.261537901617 0.0 0.048
322 0.241344600384 0.0 0.05
323 0.230806583214 0.0 0.05
324 0.229000476062 0.0 0.05
325 0.24291948809 0.0 0.048
326 0.269846498498 0.0 0.05
327 0.257689600022 0.0 0.05
328 0.274761406717 0.0 0.052
329 0.294709842752 0.0 0.052
330 0.243503844715 0.0 0.052
331 0.255201436286 0.0 0.052
332 0.275057648362 0.0 0.054
333 0.254947126366 0.0 0.052
334 0.2692394886 0.0 0.05
335 0.267371819358 0.0 0.052
336 0.281157186688 0.0 0.05
337 0.244930074534 0.0 0.05
338 0.250395541202 0.0 0.05
339 0.302648143905 0.0 0.052
340 0.266094578963 0.0 0.054
341 0.289148432771 0.0 0.052
342 0.260285488009 0.0 0.054
343 0.214920784895 0.0 0.054
344 0.259869046769 0.0 0.054
345 0.255162624939 0.0 0.054
346 0.274337508747 0.0 0.054
347 0.234940628375 0.0 0.054
348 0.272000314859 0.0 0.054
349 0.26459500604 0.0 0.054
350 0.270233614784 0.0 0.054
351 0.248230875387 0.0 0.054
352 0.263865057294 0.0 0.054
353 0.265088728024 0.0 0.052
354 0.255858745949 0.0 0.054
355 0.236947966519 0.0 0.054
356 0.240604263921 0.0 0.054
357 0.258520356225 0.0 0.052
358 0.256390861389 0.0 0.054
359 0.245950437631 0.0 0.054
360 0.230966981275 0.0 0.054
361 0.267685194594 0.0 0.054
362 0.283341343884 0.0 0.054
363 0.243830435948 0.0 0.054
364 0.246882528939 0.0 0.054
365 0.252179915315 0.0 0.054
366 0.265253097381 0.0 0.054
367 0.267328419503 0.0 0.052
368 0.265629242652 0.0 0.052
369 0.230493654926 0.0 0.052
370 0.296735884505 0.0 0.052
371 0.289237958063 0.0 0.05
372 0.256957239407 0.0 0.052
373 0.255535439166 0.0 0.05
374 0.267834015427 0.0 0.052
375 0.259563258697 0.0 0.052
376 0.307637278528 0.0 0.052
377 0.266218940099 0.0 0.052
378 0.251789757133 0.0 0.054
379 0.265595261834 0.0 0.054
380 0.275203545035 0.0 0.052
381 0.226734414566 0.0 0.052
382 0.285524441334 0.0 0.052
383 0.274160643659 0.0 0.052
384 0.268381121841 0.0 0.052
385 0.257514078397 0.0 0.052
386 0.241161132365 0.0 0.054
387 0.265189575716 0.0 0.05
388 0.299995353806 0.0 0.052
389 0.252466675543 0.0 0.05
390 0.244577807606 0.0 0.052
391 0.277466048367 0.0 0.052
392 0.240314824645 0.0 0.052
393 0.271772977575 0.0 0.052
394 0.229243530959 0.0 0.052
395 0.259836480665 0.0 0.052
396 0.291390629122 0.0 0.052
397 0.269142501019 0.0 0.052
398 0.239484681392 0.0 0.054
399 0.226263544965 0.0 0.052
400 0.282641991613 0.0 0.054
401 0.259651573085 0.0 0.052
402 0.26964526849 0.0 0.054
403 0.256975071253 0.0 0.054
404 0.268104228795 0.0 0.056
405 0.24824976381 0.0 0.056
406 0.258010932924 0.0 0.054
407 0.283760715975 0.0 0.054
408 0.308186240609 0.0 0.054
409 0.257568665071 0.0 0.052
410 0.258047766007 0.0 0.054
411 0.298892460852 0.0 0.052
412 0.244297911025 0.0 0.054
413 0.241001681942 0.0 0.054
414 0.261385493971 0.0 0.054
415 0.271680209296 0.0 0.054
416 0.243529282148 0.0 0.054
417 0.247653056941 0.0 0.054
418 0.251696010284 0.0 0.054
419 0.274785583977 0.0 0.054
420 0.263109710302 0.0 0.054
421 0.249686248867 0.0 0.056
422 0.251765509082 0.0 0.054
423 0.284881417157 0.0 0.052
424 0.271585412832 0.0 0.054
425 0.229081890759 0.0 0.054
426 0.269360874779 0.0 0.054
427 0.226546654288 0.0 0.056
428 0.237929811432 0.0 0.056
429 0.250671716887 0.0 0.054
430 0.238425184179 0.0 0.054
431 0.256096789768 0.0 0.054
432 0.279535093465 0.0 0.054
433 0.247933284551 0.0 0.054
434 0.296283556456 0.0 0.056
435 0.254502875311 0.0 0.05
436 0.230992531567 0.0 0.052
437 0.24445708588 0.0 0.052
438 0.285606722181 0.0 0.052
439 0.243916977621 0.0 0.052
440 0.252920842342 0.0 0.052
441 0.323614621455 0.0 0.05
442 0.284884989759 0.0 0.052
443 0.259356492762 0.0 0.052
444 0.250224445815 0.0 0.054
445 0.279521999453 0.0 0.048
446 0.253931675796 0.0 0.054
447 0.240821778677 0.0 0.054
448 0.280561342896 0.0 0.054
449 0.267518551098 0.0 0.054
450 0.25559243116 0.0 0.054
451 0.286371510256 0.0 0.052
452 0.248228984884 0.0 0.052
453 0.259055873428 0.0 0.05
454 0.253697308294 0.0 0.054
455 0.27031704112 0.0 0.052
456 0.267569725739 0.0 0.054
457 0.269172321603 0.0 0.052
458 0.258920486426 0.0 0.054
459 0.251158712149 0.0 0.05
460 0.244302365493 0.0 0.054
461 0.287902383676 0.0 0.054
462 0.245930521616 0.0 0.054
463 0.300257426043 0.0 0.052
464 0.319198623364 0.0 0.054
465 0.218267636551 0.0 0.054
466 0.301985091376 0.0 0.054
467 0.259697552548 0.0 0.054
468 0.249144230174 0.0 0.052
469 0.264629907947 0.0 0.054
470 0.257724430258 0.0 0.052
471 0.271942837893 0.0 0.054
472 0.282118857418 0.0 0.052
473 0.248378343894 0.0 0.052
474 0.313817530042 0.0 0.052
475 0.272230086294 0.0 0.054
476 0.22296471567 0.0 0.05
477 0.24016014811 0.0 0.054
478 0.248596262374 0.0 0.052
479 0.221748465853 0.0 0.054
480 0.24107923086 0.0 0.052
481 0.252184239862 0.0 0.054
482 0.271096456428 0.0 0.052
483 0.300190756396 0.0 0.052
484 0.287647613586 0.0 0.05
485 0.233307067357 0.0 0.052
486 0.271227325651 0.0 0.052
487 0.24376932923 0.0 0.052
488 0.258575870091 0.0 0.052
489 0.247644749807 0.0 0.052
490 0.270900304807 0.0 0.052
491 0.290024573371 0.0 0.052
492 0.240004564094 0.0 0.052
493 0.265971084449 0.0 0.054
494 0.263226375639 0.0 0.052
495 0.261301389595 0.0 0.054
496 0.24675477201 0.0 0.052
497 0.267789901728 0.0 0.054
498 0.227124527764 0.0 0.054
499 0.225929662784 0.0 0.054
